<?xml version="1.0" encoding="UTF-8"?>
<!-- Generated by org.testng.reporters.JUnitReportReporter -->
<testsuite hostname="DESKTOP-AO5659K" failures="0" tests="1" name="com.qa.pippintitle.testpages.LoginPageTest" time="14.924" errors="0" timestamp="2021-06-11T20:02:16 IST" skipped="0">
  <testcase classname="com.qa.pippintitle.testpages.LoginPageTest" name="clickLogionBtnTest" time="14.924"/>
  <system-out/>
</testsuite> <!-- com.qa.pippintitle.testpages.LoginPageTest -->
