<?xml version="1.0" encoding="UTF-8"?>
<!-- Generated by org.testng.reporters.JUnitReportReporter -->
<testsuite hostname="DESKTOP-AO5659K" failures="0" tests="1" name="com.qa.pippintitle.testpages.OrderDetailsPageTest" time="181.686" errors="0" timestamp="2021-06-15T21:44:01 IST" skipped="0">
  <testcase classname="com.qa.pippintitle.testpages.OrderDetailsPageTest" name="sendMessageTest" time="181.686"/>
  <system-out/>
</testsuite> <!-- com.qa.pippintitle.testpages.OrderDetailsPageTest -->
