<?xml version="1.0" encoding="UTF-8"?>
<!-- Generated by org.testng.reporters.JUnitReportReporter -->
<testsuite hostname="DESKTOP-AO5659K" failures="0" tests="1" name="com.qa.pippintitle.testpages.PlaceNewOrderPageTest" time="134.508" errors="0" timestamp="2021-06-14T19:48:11 IST" skipped="0">
  <testcase classname="com.qa.pippintitle.testpages.PlaceNewOrderPageTest" name="clickContinueBtn" time="134.508"/>
  <system-out/>
</testsuite> <!-- com.qa.pippintitle.testpages.PlaceNewOrderPageTest -->
