<?xml version="1.0" encoding="UTF-8"?>
<!-- Generated by org.testng.reporters.JUnitReportReporter -->
<testsuite hostname="DESKTOP-AO5659K" failures="0" tests="1" name="com.qa.pippintitle.testpages.DashBoardPageTest" time="19.930" errors="0" timestamp="2021-06-11T20:36:59 IST" skipped="0">
  <testcase classname="com.qa.pippintitle.testpages.DashBoardPageTest" name="clickPlaceOrderBtn" time="19.930"/>
  <system-out/>
</testsuite> <!-- com.qa.pippintitle.testpages.DashBoardPageTest -->
