<?xml version="1.0" encoding="UTF-8"?>
<!-- Generated by org.testng.reporters.JUnitReportReporter -->
<testsuite hostname="DESKTOP-AO5659K" failures="0" tests="1" name="com.qa.pippintitle.testpages.ReviewOrderPageTest" time="109.044" errors="0" timestamp="2021-06-15T12:29:44 IST" skipped="0">
  <testcase classname="com.qa.pippintitle.testpages.ReviewOrderPageTest" name="clickSubmitBtn" time="109.044"/>
  <system-out/>
</testsuite> <!-- com.qa.pippintitle.testpages.ReviewOrderPageTest -->
